[debug] [2023-11-17T23:03:48.900Z] ----------------------------------------------------------------------
[debug] [2023-11-17T23:03:48.902Z] Command:       C:\Program Files\nodejs\node.exe C:\Users\disha\AppData\Roaming\npm\node_modules\firebase-tools\lib\bin\firebase.js init
[debug] [2023-11-17T23:03:48.902Z] CLI Version:   11.8.0
[debug] [2023-11-17T23:03:48.902Z] Platform:      win32
[debug] [2023-11-17T23:03:48.902Z] Node Version:  v18.16.1
[debug] [2023-11-17T23:03:48.903Z] Time:          Sat Nov 18 2023 04:33:48 GMT+0530 (India Standard Time)
[debug] [2023-11-17T23:03:48.904Z] ----------------------------------------------------------------------
[debug] 
[debug] [2023-11-17T23:03:48.907Z] >>> [apiv2][query] GET https://firebase-public.firebaseio.com/cli.json [none]
[debug] [2023-11-17T23:03:48.952Z] > command requires scopes: ["email","openid","https://www.googleapis.com/auth/cloudplatformprojects.readonly","https://www.googleapis.com/auth/firebase","https://www.googleapis.com/auth/cloud-platform"]
[debug] [2023-11-17T23:03:48.952Z] > authorizing via signed-in user (disha@threely.io)
[info] 
     ######## #### ########  ######## ########     ###     ######  ########
     ##        ##  ##     ## ##       ##     ##  ##   ##  ##       ##
     ######    ##  ########  ######   ########  #########  ######  ######
     ##        ##  ##    ##  ##       ##     ## ##     ##       ## ##
     ##       #### ##     ## ######## ########  ##     ##  ######  ########

You're about to initialize a Firebase project in this directory:

  D:\Projects\Tria\auth

[debug] [2023-11-17T23:03:49.820Z] <<< [apiv2][status] GET https://firebase-public.firebaseio.com/cli.json 200
[debug] [2023-11-17T23:03:49.821Z] <<< [apiv2][body] GET https://firebase-public.firebaseio.com/cli.json {"cloudBuildErrorAfter":1594252800000,"cloudBuildWarnAfter":1590019200000,"defaultNode10After":1594252800000,"minVersion":"3.0.5","node8DeploysDisabledAfter":1613390400000,"node8RuntimeDisabledAfter":1615809600000,"node8WarnAfter":1600128000000}
